23/04/14 21:15:13 WARN Utils: Your hostname, Adeeps-MacBook-Air.local resolves to a loopback address: 127.0.0.1; using 10.0.0.154 instead (on interface en0)
23/04/14 21:15:13 WARN Utils: Set SPARK_LOCAL_IP if you need to bind to another address
23/04/14 21:15:14 WARN NativeCodeLoader: Unable to load native-hadoop library for your platform... using builtin-java classes where applicable
player defender pairs with the total number of shots made, in an ascending order:
+----------------+------------------+----------------+
|     player_name|  CLOSEST_DEFENDER|TOTAL_SHOT_COUNT|
+----------------+------------------+----------------+
|      mike scott|    Griffin, Blake|               0|
|    andre miller|      Turner, Evan|               0|
| demarre carroll|       Ingles, Joe|               0|
|    al jefferson| Hardaway Jr., Tim|               0|
|  garrett temple| Mbah a Moute, Luc|               0|
|       gary neal|     Smart, Marcus|               0|
|     paul pierce|    Afflalo, Arron|               0|
|lance stephenson|    Fournier, Evan|               0|
|       omer asik|  Matthews, Wesley|               0|
|      jeremy lin|      Gobert, Rudy|               0|
|    tyreke evans|      Parker, Tony|               0|
|        ed davis|       Hickson, JJ|               0|
|    luke babbitt|      Jones, Perry|               0|
|    robert sacre|    Payton, Elfrid|               0|
|      kyle lowry|Stoudemire, Amar'e|               0|
|   stephen curry|  Matthews, Wesley|               0|
|gerald henderson|Westbrook, Russell|               0|
|      jon ingles|     Evans, Tyreke|               0|
|   carlos boozer|   Napier, Shabazz|               0|
|   brian roberts|        Gasol, Pau|               0|
+----------------+------------------+----------------+
only showing top 20 rows

+----------------+-----------------+----------------+
|     player_name| CLOSEST_DEFENDER|TOTAL_SHOT_COUNT|
+----------------+-----------------+----------------+
|    aaron brooks|    Nurkic, Jusuf|               0|
|    aaron gordon|   Rivers, Austin|               0|
| al farouq aminu|   Johnson, James|               0|
|      al horford|      Diaw, Boris|               0|
|    al jefferson|Hardaway Jr., Tim|               0|
|   alan anderson|       Leuer, Jon|               0|
|     alan crabbe| Sefolosha, Thabo|               0|
|        alex len|  Knight, Brandon|               0|
|   alexis ajinca|     Meeks, Jodie|               0|
|      alonzo gee|     Korver, Kyle|               0|
|amare stoudemire|       Deng, Luol|               0|
|    amir johnson|    Grant, Jerami|               0|
|  andre drummond|    James, LeBron|               0|
|  andre iguodala|      Lowry, Kyle|               0|
|    andre miller|     Turner, Evan|               0|
|  andre roberson|   Ginobili, Manu|               0|
|    andrew bogut|     Ibaka, Serge|               0|
|  andrew wiggins|   Sanders, Larry|               0|
| anthony bennett|   Ajinca, Alexis|               0|
|   anthony davis|Mbah a Moute, Luc|               0|
+----------------+-----------------+----------------+
only showing top 20 rows

