23/04/14 21:23:29 WARN Utils: Your hostname, Adeeps-MacBook-Air.local resolves to a loopback address: 127.0.0.1; using 10.0.0.154 instead (on interface en0)
23/04/14 21:23:29 WARN Utils: Set SPARK_LOCAL_IP if you need to bind to another address
23/04/14 21:23:30 WARN NativeCodeLoader: Unable to load native-hadoop library for your platform... using builtin-java classes where applicable
+-------------+---------+--------------+----------+----------------+
|  player_name|SHOT_DIST|CLOSE_DEF_DIST|SHOT_CLOCK|comfortable_zone|
+-------------+---------+--------------+----------+----------------+
|brian roberts|      7.7|           1.3|      10.8|  [7.7,1.3,10.8]|
|brian roberts|     28.2|           6.1|       3.4|  [28.2,6.1,3.4]|
|brian roberts|     17.2|           3.4|      10.3| [17.2,3.4,10.3]|
|brian roberts|      3.7|           1.1|      10.9|  [3.7,1.1,10.9]|
|brian roberts|     18.4|           2.6|       9.1|  [18.4,2.6,9.1]|
|brian roberts|     20.7|           6.1|      14.5| [20.7,6.1,14.5]|
|brian roberts|      3.5|           2.1|       3.4|   [3.5,2.1,3.4]|
|brian roberts|     24.6|           7.3|      12.4| [24.6,7.3,12.4]|
|brian roberts|     22.4|          19.8|      17.4|[22.4,19.8,17.4]|
|brian roberts|     24.5|           4.7|      16.0| [24.5,4.7,16.0]|
|brian roberts|     14.6|           1.8|      12.1| [14.6,1.8,12.1]|
|brian roberts|      5.9|           5.4|       4.3|   [5.9,5.4,4.3]|
|brian roberts|     26.4|           4.4|       4.4|  [26.4,4.4,4.4]|
|brian roberts|     22.8|           5.3|       6.8|  [22.8,5.3,6.8]|
|brian roberts|     24.7|           5.6|       6.4|  [24.7,5.6,6.4]|
|brian roberts|     25.0|           5.4|      17.6| [25.0,5.4,17.6]|
|brian roberts|     25.6|           5.1|       8.7|  [25.6,5.1,8.7]|
|brian roberts|     24.2|          11.1|      20.8|[24.2,11.1,20.8]|
|brian roberts|     25.4|           3.5|      17.5| [25.4,3.5,17.5]|
|brian roberts|     19.1|           4.0|      19.5| [19.1,4.0,19.5]|
+-------------+---------+--------------+----------+----------------+
only showing top 20 rows

+-------------+---------+--------------+----------+----------------+-----------------------+----------+
|  player_name|SHOT_DIST|CLOSE_DEF_DIST|SHOT_CLOCK|comfortable_zone|scaled_comfortable_zone|prediction|
+-------------+---------+--------------+----------+----------------+-----------------------+----------+
|brian roberts|      7.7|           1.3|      10.8|  [7.7,1.3,10.8]|   [0.87728160737245...|         3|
|brian roberts|     28.2|           6.1|       3.4|  [28.2,6.1,3.4]|   [3.21290147115627...|         0|
|brian roberts|     17.2|           3.4|      10.3| [17.2,3.4,10.3]|   [1.95964203205276...|         0|
|brian roberts|      3.7|           1.1|      10.9|  [3.7,1.1,10.9]|   [0.42155090224390...|         3|
|brian roberts|     18.4|           2.6|       9.1|  [18.4,2.6,9.1]|   [2.09636124359132...|         0|
|brian roberts|     20.7|           6.1|      14.5| [20.7,6.1,14.5]|   [2.35840639904024...|         1|
|brian roberts|      3.5|           2.1|       3.4|   [3.5,2.1,3.4]|   [0.39876436698748...|         3|
|brian roberts|     24.6|           7.3|      12.4| [24.6,7.3,12.4]|   [2.80274383654057...|         1|
|brian roberts|     22.4|          19.8|      17.4|[22.4,19.8,17.4]|   [2.55209194871987...|         1|
|brian roberts|     24.5|           4.7|      16.0| [24.5,4.7,16.0]|   [2.79135056891236...|         1|
|brian roberts|     14.6|           1.8|      12.1| [14.6,1.8,12.1]|   [1.66341707371920...|         3|
|brian roberts|      5.9|           5.4|       4.3|   [5.9,5.4,4.3]|   [0.67220279006461...|         3|
|brian roberts|     26.4|           4.4|       4.4|  [26.4,4.4,4.4]|   [3.00782265384842...|         0|
|brian roberts|     22.8|           5.3|       6.8|  [22.8,5.3,6.8]|   [2.59766501923273...|         0|
|brian roberts|     24.7|           5.6|       6.4|  [24.7,5.6,6.4]|   [2.81413710416879...|         0|
|brian roberts|     25.0|           5.4|      17.6| [25.0,5.4,17.6]|   [2.84831690705343...|         1|
|brian roberts|     25.6|           5.1|       8.7|  [25.6,5.1,8.7]|   [2.91667651282271...|         0|
|brian roberts|     24.2|          11.1|      20.8|[24.2,11.1,20.8]|   [2.75717076602772...|         1|
|brian roberts|     25.4|           3.5|      17.5| [25.4,3.5,17.5]|   [2.89388997756628...|         1|
|brian roberts|     19.1|           4.0|      19.5| [19.1,4.0,19.5]|   [2.17611411698882...|         1|
+-------------+---------+--------------+----------+----------------+-----------------------+----------+
only showing top 20 rows

+----------------+----------+--------------+
|     player_name|prediction|cluster_counts|
+----------------+----------+--------------+
|     kobe bryant|         1|           102|
| leandro barbosa|         3|            64|
| dennis schroder|         0|           101|
|     jeff teague|         3|           179|
|   terrence ross|         1|           157|
|gerald henderson|         1|           115|
| dennis schroder|         3|           168|
|       john wall|         0|           252|
|     cody zeller|         0|            54|
|   jason maxiell|         1|             8|
|     kobe bryant|         2|           117|
|   terrence ross|         0|           222|
|      jon ingles|         3|            38|
|       john wall|         2|           220|
| wayne ellington|         2|            53|
|  wesley johnson|         2|            63|
|  kevin seraphin|         2|            77|
|     paul pierce|         2|            96|
|    kemba walker|         0|           211|
|     enes kanter|         0|           121|
+----------------+----------+--------------+
only showing top 20 rows

+------------+----------+--------------+
| player_name|prediction|cluster_counts|
+------------+----------+--------------+
|james harden|         0|           342|
|james harden|         2|           277|
|james harden|         1|           222|
|james harden|         3|           165|
+------------+----------+--------------+

From the cluster counts, we observe that the most comfortable zone for james harden is Zone: 0
+-----------+----------+--------------+
|player_name|prediction|cluster_counts|
+-----------+----------+--------------+
| chris paul|         0|           311|
| chris paul|         1|           257|
| chris paul|         2|           161|
| chris paul|         3|           122|
+-----------+----------+--------------+

From the cluster counts, we observe that the most comfortable zone for chris paul is Zone: 0
+-------------+----------+--------------+
|  player_name|prediction|cluster_counts|
+-------------+----------+--------------+
|stephen curry|         1|           398|
|stephen curry|         2|           229|
|stephen curry|         0|           204|
|stephen curry|         3|           110|
+-------------+----------+--------------+

From the cluster counts, we observe that the most comfortable zone for stephen curry is Zone: 1
+------------+----------+--------------+
| player_name|prediction|cluster_counts|
+------------+----------+--------------+
|lebron james|         0|           318|
|lebron james|         2|           245|
|lebron james|         3|           227|
|lebron james|         1|           157|
+------------+----------+--------------+

From the cluster counts, we observe that the most comfortable zone for lebron james is Zone: 0
